<?xml version="1.0" encoding="UTF-8"?>
<!-- Generated by org.testng.reporters.JUnitXMLReporter -->
<testsuite hostname="Rajiv" ignored="0" name="Command line test" tests="1" failures="1" timestamp="2019-11-04T10:34:08 IST" time="0.615" errors="0">
  <testcase name="feature" time="0.0" classname="parallel.TestRunner">
    <failure type="org.testng.TestNGException" message="
Method public void parallel.TestRunner.feature(io.cucumber.testng.PickleEventWrapper,io.cucumber.testng.CucumberFeatureWrapper) throws java.lang.Throwable requires a @DataProvider named : features">
      <![CDATA[org.testng.TestNGException: 
Method public void parallel.TestRunner.feature(io.cucumber.testng.PickleEventWrapper,io.cucumber.testng.CucumberFeatureWrapper) throws java.lang.Throwable requires a @DataProvider named : features
at java.util.ArrayList.forEach(ArrayList.java:1257)
... Removed 33 stack frames]]>
    </failure>
  </testcase> <!-- feature -->
</testsuite> <!-- Command line test -->
